TN:
SF:D:\MA-bella\portfolio-components\components\account-setting-widget\test\specs\account-setting-widget.js
FN:1,(anonymous_1)
FN:46,(anonymous_2)
FN:54,(anonymous_3)
FN:56,(anonymous_4)
FN:67,(anonymous_5)
FN:68,(anonymous_6)
FN:71,(anonymous_7)
FN:81,(anonymous_8)
FN:83,(anonymous_9)
FN:93,(anonymous_10)
FN:94,(anonymous_11)
FN:96,(anonymous_12)
FN:98,(anonymous_13)
FN:106,(anonymous_14)
FN:107,(anonymous_15)
FN:111,(anonymous_16)
FN:118,(anonymous_17)
FN:119,(anonymous_18)
FN:123,(anonymous_19)
FN:130,(anonymous_20)
FN:131,(anonymous_21)
FN:135,(anonymous_22)
FN:137,(anonymous_23)
FN:148,(anonymous_24)
FN:149,(anonymous_25)
FN:151,(anonymous_26)
FN:158,(anonymous_27)
FN:159,(anonymous_28)
FN:163,(anonymous_29)
FN:170,(anonymous_30)
FN:171,(anonymous_31)
FN:175,(anonymous_32)
FN:183,(anonymous_33)
FN:184,(anonymous_34)
FN:188,(anonymous_35)
FN:195,(anonymous_36)
FN:196,(anonymous_37)
FN:200,(anonymous_38)
FN:207,(anonymous_39)
FN:208,(anonymous_40)
FN:212,(anonymous_41)
FN:219,(anonymous_42)
FN:220,(anonymous_43)
FN:224,(anonymous_44)
FN:231,(anonymous_45)
FN:233,(anonymous_46)
FN:235,(anonymous_47)
FN:243,(anonymous_48)
FN:245,(anonymous_49)
FN:247,(anonymous_50)
FN:256,(anonymous_51)
FN:258,(anonymous_52)
FN:262,(anonymous_53)
FN:270,(anonymous_54)
FN:272,(anonymous_55)
FN:283,(anonymous_56)
FN:285,(anonymous_57)
FN:287,(anonymous_58)
FN:298,(anonymous_59)
FN:300,(anonymous_60)
FN:306,(anonymous_61)
FN:309,(anonymous_62)
FN:323,(anonymous_63)
FN:325,(anonymous_64)
FN:331,(anonymous_65)
FN:334,(anonymous_66)
FN:345,(anonymous_67)
FN:347,(anonymous_68)
FNF:68
FNH:68
FNDA:1,(anonymous_1)
FNDA:19,(anonymous_2)
FNDA:1,(anonymous_3)
FNDA:1,(anonymous_4)
FNDA:1,(anonymous_5)
FNDA:1,(anonymous_6)
FNDA:1,(anonymous_7)
FNDA:1,(anonymous_8)
FNDA:1,(anonymous_9)
FNDA:1,(anonymous_10)
FNDA:1,(anonymous_11)
FNDA:1,(anonymous_12)
FNDA:1,(anonymous_13)
FNDA:1,(anonymous_14)
FNDA:1,(anonymous_15)
FNDA:1,(anonymous_16)
FNDA:1,(anonymous_17)
FNDA:1,(anonymous_18)
FNDA:1,(anonymous_19)
FNDA:1,(anonymous_20)
FNDA:1,(anonymous_21)
FNDA:1,(anonymous_22)
FNDA:1,(anonymous_23)
FNDA:1,(anonymous_24)
FNDA:1,(anonymous_25)
FNDA:1,(anonymous_26)
FNDA:1,(anonymous_27)
FNDA:1,(anonymous_28)
FNDA:1,(anonymous_29)
FNDA:1,(anonymous_30)
FNDA:1,(anonymous_31)
FNDA:1,(anonymous_32)
FNDA:1,(anonymous_33)
FNDA:1,(anonymous_34)
FNDA:1,(anonymous_35)
FNDA:1,(anonymous_36)
FNDA:1,(anonymous_37)
FNDA:1,(anonymous_38)
FNDA:1,(anonymous_39)
FNDA:1,(anonymous_40)
FNDA:1,(anonymous_41)
FNDA:1,(anonymous_42)
FNDA:1,(anonymous_43)
FNDA:1,(anonymous_44)
FNDA:1,(anonymous_45)
FNDA:1,(anonymous_46)
FNDA:1,(anonymous_47)
FNDA:1,(anonymous_48)
FNDA:1,(anonymous_49)
FNDA:1,(anonymous_50)
FNDA:1,(anonymous_51)
FNDA:1,(anonymous_52)
FNDA:1,(anonymous_53)
FNDA:1,(anonymous_54)
FNDA:1,(anonymous_55)
FNDA:1,(anonymous_56)
FNDA:1,(anonymous_57)
FNDA:1,(anonymous_58)
FNDA:1,(anonymous_59)
FNDA:1,(anonymous_60)
FNDA:1,(anonymous_61)
FNDA:1,(anonymous_62)
FNDA:1,(anonymous_63)
FNDA:1,(anonymous_64)
FNDA:1,(anonymous_65)
FNDA:1,(anonymous_66)
FNDA:1,(anonymous_67)
FNDA:1,(anonymous_68)
DA:1,1
DA:5,1
DA:6,1
DA:7,1
DA:9,1
DA:10,1
DA:11,1
DA:12,1
DA:15,1
DA:33,1
DA:35,1
DA:37,1
DA:44,1
DA:45,1
DA:46,1
DA:47,19
DA:48,14
DA:50,5
DA:54,1
DA:56,1
DA:58,1
DA:60,1
DA:62,1
DA:67,1
DA:68,1
DA:70,1
DA:71,1
DA:72,1
DA:73,1
DA:74,1
DA:75,1
DA:81,1
DA:82,1
DA:83,1
DA:85,1
DA:87,1
DA:89,1
DA:93,1
DA:94,1
DA:95,1
DA:96,1
DA:97,1
DA:98,1
DA:99,1
DA:100,1
DA:106,1
DA:107,1
DA:109,1
DA:111,1
DA:112,1
DA:113,1
DA:118,1
DA:119,1
DA:121,1
DA:123,1
DA:124,1
DA:125,1
DA:130,1
DA:131,1
DA:133,1
DA:135,1
DA:136,1
DA:137,1
DA:138,1
DA:139,1
DA:148,1
DA:149,1
DA:150,1
DA:151,1
DA:152,1
DA:153,1
DA:154,1
DA:158,1
DA:159,1
DA:161,1
DA:163,1
DA:164,1
DA:165,1
DA:170,1
DA:171,1
DA:173,1
DA:175,1
DA:176,1
DA:177,1
DA:183,1
DA:184,1
DA:186,1
DA:188,1
DA:189,1
DA:190,1
DA:195,1
DA:196,1
DA:198,1
DA:200,1
DA:201,1
DA:202,1
DA:207,1
DA:208,1
DA:210,1
DA:212,1
DA:213,1
DA:214,1
DA:219,1
DA:220,1
DA:222,1
DA:224,1
DA:225,1
DA:226,1
DA:231,1
DA:232,1
DA:233,1
DA:234,1
DA:235,1
DA:236,1
DA:237,1
DA:243,1
DA:244,1
DA:245,1
DA:246,1
DA:247,1
DA:248,1
DA:249,1
DA:256,1
DA:257,1
DA:258,1
DA:260,1
DA:262,1
DA:264,1
DA:265,1
DA:270,1
DA:271,1
DA:272,1
DA:274,1
DA:275,1
DA:277,1
DA:283,1
DA:284,1
DA:285,1
DA:286,1
DA:287,1
DA:288,1
DA:289,1
DA:291,1
DA:298,1
DA:300,1
DA:301,1
DA:302,1
DA:303,1
DA:304,1
DA:305,1
DA:306,1
DA:308,1
DA:309,1
DA:310,1
DA:311,1
DA:312,1
DA:323,1
DA:324,1
DA:325,1
DA:326,1
DA:327,1
DA:328,1
DA:329,1
DA:330,1
DA:331,1
DA:333,1
DA:334,1
DA:335,1
DA:336,1
DA:337,1
DA:345,1
DA:346,1
DA:347,1
DA:348,1
DA:349,1
DA:350,1
DA:351,1
LF:177
LH:177
BRDA:47,1,0,14
BRDA:47,1,1,5
BRF:2
BRH:2
end_of_record
TN:
SF:D:\MA-bella\portfolio-components\components\account-setting-widget\src\widget\account-setting-widget.js
FN:1,(anonymous_1)
FN:20,(anonymous_2)
FN:24,(anonymous_3)
FN:32,(anonymous_4)
FN:35,(anonymous_5)
FN:45,(anonymous_6)
FN:63,(anonymous_7)
FN:76,(anonymous_8)
FN:95,(anonymous_9)
FN:110,(anonymous_10)
FN:124,(anonymous_11)
FN:127,(anonymous_12)
FN:133,(anonymous_13)
FN:145,(anonymous_14)
FNF:14
FNH:11
FNDA:1,(anonymous_1)
FNDA:2,(anonymous_2)
FNDA:2,(anonymous_3)
FNDA:2,(anonymous_4)
FNDA:2,(anonymous_5)
FNDA:2,(anonymous_6)
FNDA:2,(anonymous_7)
FNDA:2,(anonymous_8)
FNDA:2,(anonymous_9)
FNDA:2,(anonymous_10)
FNDA:0,(anonymous_11)
FNDA:0,(anonymous_12)
FNDA:0,(anonymous_13)
FNDA:2,(anonymous_14)
DA:1,1
DA:4,1
DA:5,1
DA:6,1
DA:7,1
DA:8,1
DA:9,1
DA:10,1
DA:11,1
DA:12,1
DA:13,1
DA:14,1
DA:16,1
DA:21,2
DA:26,2
DA:27,2
DA:28,2
DA:29,2
DA:34,2
DA:35,2
DA:36,2
DA:37,2
DA:38,2
DA:39,2
DA:40,2
DA:47,2
DA:48,2
DA:49,2
DA:50,0
DA:52,2
DA:53,2
DA:54,2
DA:59,2
DA:64,2
DA:65,2
DA:66,2
DA:67,2
DA:73,2
DA:77,2
DA:78,2
DA:79,2
DA:80,2
DA:92,2
DA:96,2
DA:97,2
DA:98,2
DA:99,2
DA:100,2
DA:101,0
DA:104,2
DA:105,0
DA:106,0
DA:111,2
DA:112,2
DA:113,2
DA:114,2
DA:116,0
DA:117,0
DA:118,0
DA:119,0
DA:120,0
DA:123,0
DA:124,0
DA:125,0
DA:127,0
DA:128,0
DA:130,0
DA:134,0
DA:135,0
DA:136,0
DA:137,0
DA:139,0
DA:140,0
DA:142,0
DA:146,2
DA:147,2
DA:148,0
DA:150,2
DA:151,2
DA:152,0
DA:155,2
DA:156,0
DA:159,2
DA:165,1
DA:166,1
LF:85
LH:60
BRDA:49,1,0,0
BRDA:49,1,1,2
BRDA:49,2,0,2
BRDA:49,2,1,2
BRDA:99,3,0,2
BRDA:99,3,1,0
BRDA:99,4,0,2
BRDA:99,4,1,2
BRDA:100,5,0,0
BRDA:100,5,1,2
BRDA:104,6,0,0
BRDA:104,6,1,2
BRDA:112,7,0,2
BRDA:112,7,1,0
BRDA:136,8,0,0
BRDA:136,8,1,0
BRDA:139,9,0,0
BRDA:139,9,1,0
BRDA:147,10,0,0
BRDA:147,10,1,2
BRDA:151,11,0,0
BRDA:151,11,1,2
BRDA:155,12,0,0
BRDA:155,12,1,2
BRF:24
BRH:12
end_of_record
TN:
SF:D:\MA-bella\portfolio-components\node_modules\css-loader\cssToString.js
FN:1,(anonymous_1)
FN:3,toString
FNF:2
FNH:1
FNDA:1,(anonymous_1)
FNDA:0,toString
DA:1,1
DA:2,1
DA:3,1
DA:4,0
DA:5,0
DA:6,0
DA:7,0
DA:8,0
DA:10,0
DA:13,0
DA:15,1
LF:11
LH:4
BRDA:7,1,0,0
BRDA:7,1,1,0
BRF:2
BRH:0
end_of_record
TN:
SF:D:\MA-bella\portfolio-components\node_modules\style-loader\addStyles.js
FN:7,(anonymous_1)
FN:13,update
FN:36,addStylesToDom
FN:58,listToStyles
FN:76,addStyle
FN:82,(anonymous_6)
FN:93,applyToTag
FNF:7
FNH:5
FNDA:1,(anonymous_1)
FNDA:0,update
FNDA:1,addStylesToDom
FNDA:1,listToStyles
FNDA:1,addStyle
FNDA:0,(anonymous_6)
FNDA:1,applyToTag
DA:5,1
DA:7,1
DA:8,1
DA:9,0
DA:11,1
DA:12,1
DA:13,1
DA:14,0
DA:15,0
DA:16,0
DA:17,0
DA:18,0
DA:19,0
DA:21,0
DA:22,0
DA:23,0
DA:25,0
DA:26,0
DA:27,0
DA:28,0
DA:29,0
DA:30,0
DA:36,1
DA:37,1
DA:38,1
DA:39,1
DA:40,1
DA:41,0
DA:42,0
DA:43,0
DA:45,0
DA:46,0
DA:49,1
DA:50,1
DA:51,1
DA:53,1
DA:58,1
DA:59,1
DA:60,1
DA:61,1
DA:62,1
DA:63,1
DA:64,1
DA:65,1
DA:67,1
DA:68,1
DA:69,1
DA:71,0
DA:73,1
DA:76,1
DA:77,1
DA:78,1
DA:79,1
DA:80,1
DA:81,1
DA:82,1
DA:83,0
DA:84,0
DA:85,0
DA:86,0
DA:88,0
DA:93,1
DA:94,1
DA:95,1
DA:104,1
DA:105,0
DA:107,1
DA:108,0
DA:110,1
DA:111,0
DA:113,1
LF:71
LH:41
BRDA:8,1,0,0
BRDA:8,1,1,1
BRDA:8,2,0,1
BRDA:8,2,1,1
BRDA:9,3,0,0
BRDA:9,3,1,0
BRDA:21,4,0,0
BRDA:21,4,1,0
BRDA:27,5,0,0
BRDA:27,5,1,0
BRDA:40,6,0,0
BRDA:40,6,1,1
BRDA:68,7,0,1
BRDA:68,7,1,0
BRDA:78,8,0,1
BRDA:78,8,1,0
BRDA:83,9,0,0
BRDA:83,9,1,0
BRDA:84,10,0,0
BRDA:84,10,1,0
BRDA:84,11,0,0
BRDA:84,11,1,0
BRDA:104,12,0,0
BRDA:104,12,1,1
BRDA:107,13,0,0
BRDA:107,13,1,1
BRF:26
BRH:8
end_of_record
TN:
SF:D:\MA-bella\portfolio-components\components\account-setting-widget\src\widget\account-setting-widget-data-model.js
FN:1,(anonymous_1)
FN:9,(anonymous_2)
FN:30,(anonymous_3)
FN:41,(anonymous_4)
FN:44,(anonymous_5)
FN:51,(anonymous_6)
FN:53,(anonymous_7)
FN:57,(anonymous_8)
FN:64,(anonymous_9)
FN:74,(anonymous_10)
FN:76,(anonymous_11)
FN:83,(anonymous_12)
FN:92,(anonymous_13)
FN:101,(anonymous_14)
FNF:14
FNH:12
FNDA:1,(anonymous_1)
FNDA:4,(anonymous_2)
FNDA:2,(anonymous_3)
FNDA:2,(anonymous_4)
FNDA:2,(anonymous_5)
FNDA:2,(anonymous_6)
FNDA:2,(anonymous_7)
FNDA:0,(anonymous_8)
FNDA:2,(anonymous_9)
FNDA:2,(anonymous_10)
FNDA:0,(anonymous_11)
FNDA:1,(anonymous_12)
FNDA:1,(anonymous_13)
FNDA:2,(anonymous_14)
DA:1,1
DA:4,1
DA:5,1
DA:7,1
DA:10,4
DA:33,2
DA:36,2
DA:37,2
DA:42,2
DA:43,2
DA:44,2
DA:45,2
DA:48,2
DA:52,2
DA:53,2
DA:54,2
DA:55,2
DA:56,2
DA:58,0
DA:59,0
DA:60,0
DA:65,2
DA:66,2
DA:67,2
DA:68,2
DA:69,2
DA:74,2
DA:75,2
DA:77,0
DA:78,0
DA:79,0
DA:84,1
DA:85,1
DA:89,1
DA:93,1
DA:94,0
DA:96,1
DA:97,1
DA:98,1
DA:102,2
DA:103,0
DA:105,2
DA:107,2
DA:108,30
DA:109,30
DA:110,30
DA:111,30
DA:115,2
DA:119,1
LF:49
LH:41
BRDA:93,1,0,0
BRDA:93,1,1,1
BRDA:102,2,0,0
BRDA:102,2,1,2
BRDA:108,3,0,30
BRDA:108,3,1,0
BRF:6
BRH:3
end_of_record
TN:
SF:D:\MA-bella\portfolio-components\components\account-setting-widget\src\js\event-handler-dom.js
FN:1,(anonymous_1)
FN:20,(anonymous_2)
FN:34,(anonymous_3)
FN:51,(anonymous_4)
FN:57,(anonymous_5)
FN:59,(anonymous_6)
FN:63,(anonymous_7)
FN:66,(anonymous_8)
FN:70,(anonymous_9)
FN:78,(anonymous_10)
FN:92,(anonymous_11)
FN:101,(anonymous_12)
FN:107,(anonymous_13)
FN:124,(anonymous_14)
FN:154,(anonymous_15)
FN:174,(anonymous_16)
FN:193,(anonymous_17)
FN:211,(anonymous_18)
FN:218,(anonymous_19)
FN:229,(anonymous_20)
FN:233,(anonymous_21)
FN:239,(anonymous_22)
FNF:22
FNH:20
FNDA:1,(anonymous_1)
FNDA:1,(anonymous_2)
FNDA:2,(anonymous_3)
FNDA:2,(anonymous_4)
FNDA:2,(anonymous_5)
FNDA:2,(anonymous_6)
FNDA:2,(anonymous_7)
FNDA:2,(anonymous_8)
FNDA:0,(anonymous_9)
FNDA:2,(anonymous_10)
FNDA:4,(anonymous_11)
FNDA:3,(anonymous_12)
FNDA:2,(anonymous_13)
FNDA:2,(anonymous_14)
FNDA:5,(anonymous_15)
FNDA:1,(anonymous_16)
FNDA:2,(anonymous_17)
FNDA:1,(anonymous_18)
FNDA:1,(anonymous_19)
FNDA:1,(anonymous_20)
FNDA:0,(anonymous_21)
FNDA:1,(anonymous_22)
DA:1,1
DA:3,1
DA:4,1
DA:6,1
DA:21,1
DA:22,1
DA:23,1
DA:24,1
DA:25,1
DA:26,1
DA:27,1
DA:28,1
DA:29,1
DA:30,1
DA:31,1
DA:35,2
DA:36,2
DA:37,0
DA:39,2
DA:40,0
DA:41,0
DA:44,2
DA:48,2
DA:49,2
DA:50,2
DA:51,2
DA:52,2
DA:53,0
DA:55,2
DA:57,2
DA:58,2
DA:60,2
DA:61,2
DA:62,2
DA:64,2
DA:67,2
DA:68,2
DA:71,0
DA:74,2
DA:75,2
DA:79,2
DA:80,1
DA:81,1
DA:82,1
DA:84,1
DA:85,1
DA:86,1
DA:87,1
DA:93,4
DA:94,4
DA:95,4
DA:96,1
DA:97,1
DA:99,3
DA:100,3
DA:101,3
DA:102,3
DA:103,3
DA:109,2
DA:110,2
DA:111,2
DA:112,2
DA:113,2
DA:114,2
DA:116,2
DA:117,2
DA:118,2
DA:119,2
DA:120,2
DA:121,2
DA:125,2
DA:126,2
DA:129,2
DA:130,2
DA:132,2
DA:134,1
DA:135,1
DA:136,1
DA:139,1
DA:140,1
DA:142,1
DA:143,0
DA:144,0
DA:146,1
DA:150,2
DA:155,5
DA:156,5
DA:157,5
DA:159,5
DA:160,2
DA:161,2
DA:162,2
DA:163,2
DA:164,2
DA:167,5
DA:168,5
DA:169,5
DA:170,5
DA:175,1
DA:176,1
DA:177,1
DA:178,1
DA:179,0
DA:182,1
DA:183,1
DA:184,1
DA:185,1
DA:188,1
DA:189,1
DA:190,1
DA:194,2
DA:195,2
DA:196,2
DA:197,2
DA:199,2
DA:200,1
DA:201,1
DA:202,1
DA:203,1
DA:205,1
DA:206,1
DA:207,1
DA:212,1
DA:213,1
DA:214,1
DA:219,1
DA:220,1
DA:221,1
DA:222,1
DA:223,1
DA:224,1
DA:229,1
DA:230,1
DA:231,1
DA:232,1
DA:234,0
DA:235,0
DA:240,1
DA:241,1
DA:242,1
DA:243,0
DA:245,1
DA:246,1
DA:251,1
LF:144
LH:133
BRDA:36,1,0,0
BRDA:36,1,1,2
BRDA:39,2,0,0
BRDA:39,2,1,2
BRDA:39,3,0,2
BRDA:39,3,1,1
BRDA:52,4,0,0
BRDA:52,4,1,2
BRDA:52,5,0,2
BRDA:52,5,1,2
BRDA:60,6,0,2
BRDA:60,6,1,0
BRDA:67,7,0,2
BRDA:67,7,1,0
BRDA:67,8,0,2
BRDA:67,8,1,2
BRDA:79,9,0,1
BRDA:79,9,1,1
BRDA:84,10,0,1
BRDA:84,10,1,0
BRDA:95,11,0,1
BRDA:95,11,1,3
BRDA:132,12,0,1
BRDA:132,12,1,1
BRDA:142,13,0,0
BRDA:142,13,1,1
BRDA:159,14,0,2
BRDA:159,14,1,3
BRDA:163,15,0,2
BRDA:163,15,1,0
BRDA:163,16,0,2
BRDA:163,16,1,1
BRDA:178,17,0,0
BRDA:178,17,1,1
BRDA:184,18,0,1
BRDA:184,18,1,0
BRDA:199,19,0,1
BRDA:199,19,1,1
BRDA:242,20,0,0
BRDA:242,20,1,1
BRF:40
BRH:29
end_of_record
TN:
SF:D:\MA-bella\portfolio-components\components\account-setting-widget\src\js\create_dom_handler.js
FN:1,(anonymous_1)
FN:12,(anonymous_2)
FN:19,(anonymous_3)
FN:39,(anonymous_4)
FN:52,(anonymous_5)
FN:73,(anonymous_6)
FN:81,(anonymous_7)
FN:88,(anonymous_8)
FN:98,(anonymous_9)
FN:108,(anonymous_10)
FN:114,(anonymous_11)
FN:124,(anonymous_12)
FN:135,(anonymous_13)
FN:142,(anonymous_14)
FN:154,(anonymous_15)
FN:171,(anonymous_16)
FN:186,(anonymous_17)
FN:204,(anonymous_18)
FN:208,(anonymous_19)
FN:239,(anonymous_20)
FNF:20
FNH:20
FNDA:1,(anonymous_1)
FNDA:6,(anonymous_2)
FNDA:102,(anonymous_3)
FNDA:8,(anonymous_4)
FNDA:16,(anonymous_5)
FNDA:2,(anonymous_6)
FNDA:2,(anonymous_7)
FNDA:6,(anonymous_8)
FNDA:4,(anonymous_9)
FNDA:10,(anonymous_10)
FNDA:20,(anonymous_11)
FNDA:10,(anonymous_12)
FNDA:4,(anonymous_13)
FNDA:20,(anonymous_14)
FNDA:24,(anonymous_15)
FNDA:6,(anonymous_16)
FNDA:6,(anonymous_17)
FNDA:2,(anonymous_18)
FNDA:4,(anonymous_19)
FNDA:2,(anonymous_20)
DA:1,1
DA:4,1
DA:5,1
DA:6,1
DA:7,1
DA:8,1
DA:9,1
DA:11,1
DA:14,6
DA:16,6
DA:17,6
DA:18,6
DA:19,4
DA:20,102
DA:21,102
DA:22,102
DA:23,4
DA:24,4
DA:26,102
DA:30,6
DA:36,6
DA:40,8
DA:41,0
DA:43,8
DA:44,8
DA:45,8
DA:46,0
DA:48,8
DA:50,8
DA:52,8
DA:53,16
DA:54,16
DA:55,2
DA:57,16
DA:58,6
DA:60,16
DA:67,8
DA:74,2
DA:75,0
DA:77,2
DA:78,2
DA:79,0
DA:81,2
DA:82,2
DA:83,2
DA:84,0
DA:86,2
DA:87,2
DA:88,2
DA:89,6
DA:90,6
DA:91,2
DA:93,6
DA:95,2
DA:97,2
DA:98,2
DA:99,4
DA:100,2
DA:104,2
DA:110,10
DA:111,10
DA:112,10
DA:114,10
DA:115,20
DA:116,4
DA:118,16
DA:119,0
DA:121,16
DA:124,10
DA:125,10
DA:126,32
DA:127,32
DA:128,20
DA:130,12
DA:135,10
DA:136,4
DA:137,2
DA:139,2
DA:142,10
DA:143,20
DA:144,20
DA:145,20
DA:146,4
DA:147,2
DA:148,2
DA:151,16
DA:152,2
DA:154,14
DA:155,24
DA:156,12
DA:158,24
DA:159,4
DA:160,4
DA:165,20
DA:168,10
DA:172,6
DA:173,6
DA:174,6
DA:175,2
DA:177,6
DA:183,6
DA:187,6
DA:188,6
DA:189,6
DA:190,2
DA:191,2
DA:192,4
DA:193,2
DA:194,2
DA:196,2
DA:197,2
DA:199,6
DA:200,6
DA:205,2
DA:206,2
DA:207,2
DA:208,2
DA:209,4
DA:210,2
DA:212,2
DA:214,2
DA:215,4
DA:216,4
DA:217,2
DA:219,2
DA:222,2
DA:223,2
DA:224,2
DA:225,0
DA:227,2
DA:236,2
DA:240,2
DA:242,2
DA:249,1
LF:134
LH:127
BRDA:18,1,0,4
BRDA:18,1,1,2
BRDA:22,2,0,4
BRDA:22,2,1,98
BRDA:40,3,0,0
BRDA:40,3,1,8
BRDA:40,4,0,8
BRDA:40,4,1,8
BRDA:45,5,0,0
BRDA:45,5,1,8
BRDA:54,6,0,2
BRDA:54,6,1,14
BRDA:57,7,0,6
BRDA:57,7,1,10
BRDA:74,8,0,0
BRDA:74,8,1,2
BRDA:74,9,0,2
BRDA:74,9,1,2
BRDA:78,10,0,0
BRDA:78,10,1,2
BRDA:83,11,0,0
BRDA:83,11,1,2
BRDA:86,12,0,2
BRDA:86,12,1,0
BRDA:90,13,0,2
BRDA:90,13,1,4
BRDA:99,14,0,2
BRDA:99,14,1,2
BRDA:115,15,0,4
BRDA:115,15,1,16
BRDA:115,16,0,20
BRDA:115,16,1,18
BRDA:118,17,0,0
BRDA:118,17,1,16
BRDA:127,18,0,20
BRDA:127,18,1,12
BRDA:136,19,0,2
BRDA:136,19,1,2
BRDA:145,20,0,4
BRDA:145,20,1,16
BRDA:146,21,0,2
BRDA:146,21,1,2
BRDA:151,22,0,2
BRDA:151,22,1,14
BRDA:155,23,0,12
BRDA:155,23,1,12
BRDA:158,24,0,4
BRDA:158,24,1,20
BRDA:158,25,0,24
BRDA:158,25,1,8
BRDA:174,26,0,2
BRDA:174,26,1,4
BRDA:189,27,0,2
BRDA:189,27,1,4
BRDA:192,28,0,2
BRDA:192,28,1,2
BRDA:209,29,0,2
BRDA:209,29,1,2
BRDA:216,30,0,2
BRDA:216,30,1,2
BRDA:224,31,0,0
BRDA:224,31,1,2
BRDA:243,32,0,2
BRDA:243,32,1,2
BRF:64
BRH:56
end_of_record
TN:
SF:D:\MA-bella\portfolio-components\components\common\src\widget\action-handler\ajax-mock.js
FN:1,(anonymous_1)
FN:4,(anonymous_2)
FN:10,(anonymous_3)
FN:15,(anonymous_4)
FN:17,(anonymous_5)
FN:32,(anonymous_6)
FN:39,(anonymous_7)
FN:47,(anonymous_8)
FN:68,(anonymous_9)
FN:80,(anonymous_10)
FN:85,(anonymous_11)
FNF:11
FNH:10
FNDA:1,(anonymous_1)
FNDA:1,(anonymous_2)
FNDA:1,(anonymous_3)
FNDA:5,(anonymous_4)
FNDA:5,(anonymous_5)
FNDA:5,(anonymous_6)
FNDA:0,(anonymous_7)
FNDA:14,(anonymous_8)
FNDA:5,(anonymous_9)
FNDA:1,(anonymous_10)
FNDA:1,(anonymous_11)
DA:1,1
DA:4,1
DA:5,1
DA:8,1
DA:12,1
DA:15,1
DA:16,5
DA:18,5
DA:20,5
DA:21,0
DA:22,0
DA:25,5
DA:26,5
DA:27,0
DA:30,5
DA:32,5
DA:33,5
DA:48,14
DA:49,5
DA:52,9
DA:53,0
DA:56,9
DA:58,9
DA:59,9
DA:61,9
DA:62,0
DA:65,9
DA:70,5
DA:71,14
DA:72,14
DA:73,5
DA:77,0
DA:81,1
DA:82,1
DA:86,1
DA:92,1
DA:93,0
DA:96,1
DA:97,1
DA:98,1
LF:40
LH:33
BRDA:20,1,0,0
BRDA:20,1,1,5
BRDA:26,2,0,0
BRDA:26,2,1,5
BRDA:30,3,0,5
BRDA:30,3,1,5
BRDA:48,4,0,5
BRDA:48,4,1,9
BRDA:52,5,0,0
BRDA:52,5,1,9
BRDA:61,6,0,0
BRDA:61,6,1,9
BRDA:61,7,0,9
BRDA:61,7,1,0
BRDA:72,8,0,5
BRDA:72,8,1,9
BRDA:72,9,0,14
BRDA:72,9,1,14
BRDA:92,10,0,0
BRDA:92,10,1,1
BRF:20
BRH:14
end_of_record
