TN:
SF:D:\MA-bella\portfolio-components\components\account-setting-widget\test\specs\account-setting-widget.js
FN:1,(anonymous_1)
FN:46,(anonymous_2)
FN:54,(anonymous_3)
FN:56,(anonymous_4)
FN:67,(anonymous_5)
FN:68,(anonymous_6)
FN:71,(anonymous_7)
FN:81,(anonymous_8)
FN:83,(anonymous_9)
FN:93,(anonymous_10)
FN:94,(anonymous_11)
FN:96,(anonymous_12)
FN:98,(anonymous_13)
FN:106,(anonymous_14)
FN:107,(anonymous_15)
FN:111,(anonymous_16)
FN:118,(anonymous_17)
FN:119,(anonymous_18)
FN:123,(anonymous_19)
FN:130,(anonymous_20)
FN:131,(anonymous_21)
FN:135,(anonymous_22)
FN:137,(anonymous_23)
FN:148,(anonymous_24)
FN:149,(anonymous_25)
FN:151,(anonymous_26)
FN:158,(anonymous_27)
FN:159,(anonymous_28)
FN:163,(anonymous_29)
FN:170,(anonymous_30)
FN:171,(anonymous_31)
FN:175,(anonymous_32)
FN:183,(anonymous_33)
FN:184,(anonymous_34)
FN:188,(anonymous_35)
FN:195,(anonymous_36)
FN:196,(anonymous_37)
FN:200,(anonymous_38)
FN:207,(anonymous_39)
FN:208,(anonymous_40)
FN:212,(anonymous_41)
FN:219,(anonymous_42)
FN:220,(anonymous_43)
FN:224,(anonymous_44)
FN:231,(anonymous_45)
FN:233,(anonymous_46)
FN:235,(anonymous_47)
FN:243,(anonymous_48)
FN:245,(anonymous_49)
FN:247,(anonymous_50)
FN:256,(anonymous_51)
FN:258,(anonymous_52)
FN:262,(anonymous_53)
FN:270,(anonymous_54)
FN:272,(anonymous_55)
FN:283,(anonymous_56)
FN:285,(anonymous_57)
FN:287,(anonymous_58)
FN:298,(anonymous_59)
FN:300,(anonymous_60)
FN:306,(anonymous_61)
FN:309,(anonymous_62)
FN:323,(anonymous_63)
FN:325,(anonymous_64)
FN:331,(anonymous_65)
FN:334,(anonymous_66)
FN:345,(anonymous_67)
FN:347,(anonymous_68)
FNF:68
FNH:11
FNDA:1,(anonymous_1)
FNDA:14,(anonymous_2)
FNDA:1,(anonymous_3)
FNDA:1,(anonymous_4)
FNDA:1,(anonymous_5)
FNDA:1,(anonymous_6)
FNDA:1,(anonymous_7)
FNDA:1,(anonymous_8)
FNDA:1,(anonymous_9)
FNDA:1,(anonymous_10)
FNDA:0,(anonymous_11)
FNDA:0,(anonymous_12)
FNDA:0,(anonymous_13)
FNDA:0,(anonymous_14)
FNDA:0,(anonymous_15)
FNDA:0,(anonymous_16)
FNDA:0,(anonymous_17)
FNDA:0,(anonymous_18)
FNDA:0,(anonymous_19)
FNDA:0,(anonymous_20)
FNDA:0,(anonymous_21)
FNDA:0,(anonymous_22)
FNDA:0,(anonymous_23)
FNDA:1,(anonymous_24)
FNDA:0,(anonymous_25)
FNDA:0,(anonymous_26)
FNDA:0,(anonymous_27)
FNDA:0,(anonymous_28)
FNDA:0,(anonymous_29)
FNDA:0,(anonymous_30)
FNDA:0,(anonymous_31)
FNDA:0,(anonymous_32)
FNDA:0,(anonymous_33)
FNDA:0,(anonymous_34)
FNDA:0,(anonymous_35)
FNDA:0,(anonymous_36)
FNDA:0,(anonymous_37)
FNDA:0,(anonymous_38)
FNDA:0,(anonymous_39)
FNDA:0,(anonymous_40)
FNDA:0,(anonymous_41)
FNDA:0,(anonymous_42)
FNDA:0,(anonymous_43)
FNDA:0,(anonymous_44)
FNDA:0,(anonymous_45)
FNDA:0,(anonymous_46)
FNDA:0,(anonymous_47)
FNDA:0,(anonymous_48)
FNDA:0,(anonymous_49)
FNDA:0,(anonymous_50)
FNDA:0,(anonymous_51)
FNDA:0,(anonymous_52)
FNDA:0,(anonymous_53)
FNDA:0,(anonymous_54)
FNDA:0,(anonymous_55)
FNDA:0,(anonymous_56)
FNDA:0,(anonymous_57)
FNDA:0,(anonymous_58)
FNDA:0,(anonymous_59)
FNDA:0,(anonymous_60)
FNDA:0,(anonymous_61)
FNDA:0,(anonymous_62)
FNDA:0,(anonymous_63)
FNDA:0,(anonymous_64)
FNDA:0,(anonymous_65)
FNDA:0,(anonymous_66)
FNDA:0,(anonymous_67)
FNDA:0,(anonymous_68)
DA:1,1
DA:5,1
DA:6,1
DA:7,1
DA:9,1
DA:10,1
DA:11,1
DA:12,1
DA:15,1
DA:33,1
DA:35,1
DA:37,1
DA:44,1
DA:45,1
DA:46,1
DA:47,14
DA:48,12
DA:50,2
DA:54,1
DA:56,1
DA:58,1
DA:60,1
DA:62,1
DA:67,1
DA:68,1
DA:70,1
DA:71,1
DA:72,1
DA:73,1
DA:74,1
DA:75,1
DA:81,1
DA:82,1
DA:83,1
DA:85,1
DA:87,1
DA:89,1
DA:93,1
DA:94,1
DA:95,0
DA:96,0
DA:97,0
DA:98,0
DA:99,0
DA:100,0
DA:106,1
DA:107,0
DA:109,0
DA:111,0
DA:112,0
DA:113,0
DA:118,1
DA:119,0
DA:121,0
DA:123,0
DA:124,0
DA:125,0
DA:130,1
DA:131,0
DA:133,0
DA:135,0
DA:136,0
DA:137,0
DA:138,0
DA:139,0
DA:148,1
DA:149,1
DA:150,0
DA:151,0
DA:152,0
DA:153,0
DA:154,0
DA:158,1
DA:159,0
DA:161,0
DA:163,0
DA:164,0
DA:165,0
DA:170,1
DA:171,0
DA:173,0
DA:175,0
DA:176,0
DA:177,0
DA:183,1
DA:184,0
DA:186,0
DA:188,0
DA:189,0
DA:190,0
DA:195,1
DA:196,0
DA:198,0
DA:200,0
DA:201,0
DA:202,0
DA:207,1
DA:208,0
DA:210,0
DA:212,0
DA:213,0
DA:214,0
DA:219,1
DA:220,0
DA:222,0
DA:224,0
DA:225,0
DA:226,0
DA:231,1
DA:232,0
DA:233,0
DA:234,0
DA:235,0
DA:236,0
DA:237,0
DA:243,1
DA:244,0
DA:245,0
DA:246,0
DA:247,0
DA:248,0
DA:249,0
DA:256,1
DA:257,0
DA:258,0
DA:260,0
DA:262,0
DA:264,0
DA:265,0
DA:270,1
DA:271,0
DA:272,0
DA:274,0
DA:275,0
DA:277,0
DA:283,1
DA:284,0
DA:285,0
DA:286,0
DA:287,0
DA:288,0
DA:289,0
DA:291,0
DA:298,1
DA:300,0
DA:301,0
DA:302,0
DA:303,0
DA:304,0
DA:305,0
DA:306,0
DA:308,0
DA:309,0
DA:310,0
DA:311,0
DA:312,0
DA:323,1
DA:324,0
DA:325,0
DA:326,0
DA:327,0
DA:328,0
DA:329,0
DA:330,0
DA:331,0
DA:333,0
DA:334,0
DA:335,0
DA:336,0
DA:337,0
DA:345,1
DA:346,0
DA:347,0
DA:348,0
DA:349,0
DA:350,0
DA:351,0
LF:177
LH:58
BRDA:47,1,0,12
BRDA:47,1,1,2
BRF:2
BRH:2
end_of_record
TN:
SF:D:\MA-bella\portfolio-components\components\account-setting-widget\src\widget\account-setting-widget.js
FN:1,(anonymous_1)
FN:20,(anonymous_2)
FN:24,(anonymous_3)
FN:32,(anonymous_4)
FN:35,(anonymous_5)
FN:45,(anonymous_6)
FN:63,(anonymous_7)
FN:76,(anonymous_8)
FN:95,(anonymous_9)
FN:110,(anonymous_10)
FN:124,(anonymous_11)
FN:127,(anonymous_12)
FN:133,(anonymous_13)
FN:145,(anonymous_14)
FNF:14
FNH:11
FNDA:1,(anonymous_1)
FNDA:2,(anonymous_2)
FNDA:2,(anonymous_3)
FNDA:2,(anonymous_4)
FNDA:1,(anonymous_5)
FNDA:1,(anonymous_6)
FNDA:1,(anonymous_7)
FNDA:1,(anonymous_8)
FNDA:1,(anonymous_9)
FNDA:1,(anonymous_10)
FNDA:0,(anonymous_11)
FNDA:0,(anonymous_12)
FNDA:0,(anonymous_13)
FNDA:1,(anonymous_14)
DA:1,1
DA:4,1
DA:5,1
DA:6,1
DA:7,1
DA:8,1
DA:9,1
DA:10,1
DA:11,1
DA:12,1
DA:13,1
DA:14,1
DA:16,1
DA:21,2
DA:26,2
DA:27,2
DA:28,2
DA:29,2
DA:34,2
DA:35,2
DA:36,1
DA:37,1
DA:38,1
DA:39,1
DA:40,1
DA:47,1
DA:48,1
DA:49,1
DA:50,0
DA:52,1
DA:53,1
DA:54,1
DA:59,1
DA:64,1
DA:65,1
DA:66,1
DA:67,1
DA:73,1
DA:77,1
DA:78,1
DA:79,1
DA:80,1
DA:92,1
DA:96,1
DA:97,1
DA:98,1
DA:99,1
DA:100,1
DA:101,0
DA:104,1
DA:105,0
DA:106,0
DA:111,1
DA:112,1
DA:113,1
DA:114,1
DA:116,0
DA:117,0
DA:118,0
DA:119,0
DA:120,0
DA:123,0
DA:124,0
DA:125,0
DA:127,0
DA:128,0
DA:130,0
DA:134,0
DA:135,0
DA:136,0
DA:137,0
DA:139,0
DA:140,0
DA:142,0
DA:146,1
DA:147,1
DA:148,0
DA:150,1
DA:151,1
DA:152,0
DA:155,1
DA:156,0
DA:159,1
DA:165,1
DA:166,1
LF:85
LH:60
BRDA:49,1,0,0
BRDA:49,1,1,1
BRDA:49,2,0,1
BRDA:49,2,1,1
BRDA:99,3,0,1
BRDA:99,3,1,0
BRDA:99,4,0,1
BRDA:99,4,1,1
BRDA:100,5,0,0
BRDA:100,5,1,1
BRDA:104,6,0,0
BRDA:104,6,1,1
BRDA:112,7,0,1
BRDA:112,7,1,0
BRDA:136,8,0,0
BRDA:136,8,1,0
BRDA:139,9,0,0
BRDA:139,9,1,0
BRDA:147,10,0,0
BRDA:147,10,1,1
BRDA:151,11,0,0
BRDA:151,11,1,1
BRDA:155,12,0,0
BRDA:155,12,1,1
BRF:24
BRH:12
end_of_record
TN:
SF:D:\MA-bella\portfolio-components\node_modules\css-loader\cssToString.js
FN:1,(anonymous_1)
FN:3,toString
FNF:2
FNH:1
FNDA:1,(anonymous_1)
FNDA:0,toString
DA:1,1
DA:2,1
DA:3,1
DA:4,0
DA:5,0
DA:6,0
DA:7,0
DA:8,0
DA:10,0
DA:13,0
DA:15,1
LF:11
LH:4
BRDA:7,1,0,0
BRDA:7,1,1,0
BRF:2
BRH:0
end_of_record
TN:
SF:D:\MA-bella\portfolio-components\node_modules\style-loader\addStyles.js
FN:7,(anonymous_1)
FN:13,update
FN:36,addStylesToDom
FN:58,listToStyles
FN:76,addStyle
FN:82,(anonymous_6)
FN:93,applyToTag
FNF:7
FNH:5
FNDA:1,(anonymous_1)
FNDA:0,update
FNDA:1,addStylesToDom
FNDA:1,listToStyles
FNDA:1,addStyle
FNDA:0,(anonymous_6)
FNDA:1,applyToTag
DA:5,1
DA:7,1
DA:8,1
DA:9,0
DA:11,1
DA:12,1
DA:13,1
DA:14,0
DA:15,0
DA:16,0
DA:17,0
DA:18,0
DA:19,0
DA:21,0
DA:22,0
DA:23,0
DA:25,0
DA:26,0
DA:27,0
DA:28,0
DA:29,0
DA:30,0
DA:36,1
DA:37,1
DA:38,1
DA:39,1
DA:40,1
DA:41,0
DA:42,0
DA:43,0
DA:45,0
DA:46,0
DA:49,1
DA:50,1
DA:51,1
DA:53,1
DA:58,1
DA:59,1
DA:60,1
DA:61,1
DA:62,1
DA:63,1
DA:64,1
DA:65,1
DA:67,1
DA:68,1
DA:69,1
DA:71,0
DA:73,1
DA:76,1
DA:77,1
DA:78,1
DA:79,1
DA:80,1
DA:81,1
DA:82,1
DA:83,0
DA:84,0
DA:85,0
DA:86,0
DA:88,0
DA:93,1
DA:94,1
DA:95,1
DA:104,1
DA:105,0
DA:107,1
DA:108,0
DA:110,1
DA:111,0
DA:113,1
LF:71
LH:41
BRDA:8,1,0,0
BRDA:8,1,1,1
BRDA:8,2,0,1
BRDA:8,2,1,1
BRDA:9,3,0,0
BRDA:9,3,1,0
BRDA:21,4,0,0
BRDA:21,4,1,0
BRDA:27,5,0,0
BRDA:27,5,1,0
BRDA:40,6,0,0
BRDA:40,6,1,1
BRDA:68,7,0,1
BRDA:68,7,1,0
BRDA:78,8,0,1
BRDA:78,8,1,0
BRDA:83,9,0,0
BRDA:83,9,1,0
BRDA:84,10,0,0
BRDA:84,10,1,0
BRDA:84,11,0,0
BRDA:84,11,1,0
BRDA:104,12,0,0
BRDA:104,12,1,1
BRDA:107,13,0,0
BRDA:107,13,1,1
BRF:26
BRH:8
end_of_record
TN:
SF:D:\MA-bella\portfolio-components\components\account-setting-widget\src\widget\account-setting-widget-data-model.js
FN:1,(anonymous_1)
FN:9,(anonymous_2)
FN:30,(anonymous_3)
FN:41,(anonymous_4)
FN:44,(anonymous_5)
FN:51,(anonymous_6)
FN:53,(anonymous_7)
FN:57,(anonymous_8)
FN:64,(anonymous_9)
FN:74,(anonymous_10)
FN:76,(anonymous_11)
FN:83,(anonymous_12)
FN:92,(anonymous_13)
FN:101,(anonymous_14)
FNF:14
FNH:10
FNDA:1,(anonymous_1)
FNDA:4,(anonymous_2)
FNDA:2,(anonymous_3)
FNDA:2,(anonymous_4)
FNDA:1,(anonymous_5)
FNDA:1,(anonymous_6)
FNDA:1,(anonymous_7)
FNDA:0,(anonymous_8)
FNDA:1,(anonymous_9)
FNDA:1,(anonymous_10)
FNDA:0,(anonymous_11)
FNDA:0,(anonymous_12)
FNDA:0,(anonymous_13)
FNDA:1,(anonymous_14)
DA:1,1
DA:4,1
DA:5,1
DA:7,1
DA:10,4
DA:33,2
DA:36,2
DA:37,2
DA:42,2
DA:43,2
DA:44,2
DA:45,1
DA:48,2
DA:52,1
DA:53,1
DA:54,1
DA:55,1
DA:56,1
DA:58,0
DA:59,0
DA:60,0
DA:65,1
DA:66,1
DA:67,1
DA:68,1
DA:69,1
DA:74,1
DA:75,1
DA:77,0
DA:78,0
DA:79,0
DA:84,0
DA:85,0
DA:89,0
DA:93,0
DA:94,0
DA:96,0
DA:97,0
DA:98,0
DA:102,1
DA:103,0
DA:105,1
DA:107,1
DA:108,15
DA:109,15
DA:110,15
DA:111,15
DA:115,1
DA:119,1
LF:49
LH:34
BRDA:93,1,0,0
BRDA:93,1,1,0
BRDA:102,2,0,0
BRDA:102,2,1,1
BRDA:108,3,0,15
BRDA:108,3,1,0
BRF:6
BRH:2
end_of_record
TN:
SF:D:\MA-bella\portfolio-components\components\account-setting-widget\src\js\event-handler-dom.js
FN:1,(anonymous_1)
FN:20,(anonymous_2)
FN:32,(anonymous_3)
FN:49,(anonymous_4)
FN:55,(anonymous_5)
FN:57,(anonymous_6)
FN:61,(anonymous_7)
FN:64,(anonymous_8)
FN:68,(anonymous_9)
FN:76,(anonymous_10)
FN:90,(anonymous_11)
FN:99,(anonymous_12)
FN:105,(anonymous_13)
FN:122,(anonymous_14)
FN:150,(anonymous_15)
FN:170,(anonymous_16)
FN:189,(anonymous_17)
FN:207,(anonymous_18)
FN:214,(anonymous_19)
FN:225,(anonymous_20)
FN:229,(anonymous_21)
FN:235,(anonymous_22)
FNF:22
FNH:2
FNDA:1,(anonymous_1)
FNDA:0,(anonymous_2)
FNDA:0,(anonymous_3)
FNDA:0,(anonymous_4)
FNDA:0,(anonymous_5)
FNDA:0,(anonymous_6)
FNDA:0,(anonymous_7)
FNDA:0,(anonymous_8)
FNDA:0,(anonymous_9)
FNDA:0,(anonymous_10)
FNDA:0,(anonymous_11)
FNDA:0,(anonymous_12)
FNDA:0,(anonymous_13)
FNDA:0,(anonymous_14)
FNDA:0,(anonymous_15)
FNDA:0,(anonymous_16)
FNDA:0,(anonymous_17)
FNDA:1,(anonymous_18)
FNDA:0,(anonymous_19)
FNDA:0,(anonymous_20)
FNDA:0,(anonymous_21)
FNDA:0,(anonymous_22)
DA:1,1
DA:3,1
DA:4,1
DA:6,1
DA:21,0
DA:22,0
DA:23,0
DA:24,0
DA:25,0
DA:26,0
DA:27,0
DA:28,0
DA:29,0
DA:33,0
DA:34,0
DA:35,0
DA:37,0
DA:38,0
DA:39,0
DA:42,0
DA:46,0
DA:47,0
DA:48,0
DA:49,0
DA:50,0
DA:51,0
DA:53,0
DA:55,0
DA:56,0
DA:58,0
DA:59,0
DA:60,0
DA:62,0
DA:65,0
DA:66,0
DA:69,0
DA:72,0
DA:73,0
DA:77,0
DA:78,0
DA:79,0
DA:80,0
DA:82,0
DA:83,0
DA:84,0
DA:85,0
DA:91,0
DA:92,0
DA:93,0
DA:94,0
DA:95,0
DA:97,0
DA:98,0
DA:99,0
DA:100,0
DA:101,0
DA:107,0
DA:108,0
DA:109,0
DA:110,0
DA:111,0
DA:112,0
DA:114,0
DA:115,0
DA:116,0
DA:117,0
DA:118,0
DA:119,0
DA:123,0
DA:124,0
DA:127,0
DA:129,0
DA:131,0
DA:132,0
DA:135,0
DA:136,0
DA:138,0
DA:139,0
DA:140,0
DA:142,0
DA:146,0
DA:151,0
DA:152,0
DA:153,0
DA:155,0
DA:156,0
DA:157,0
DA:158,0
DA:159,0
DA:160,0
DA:163,0
DA:164,0
DA:165,0
DA:166,0
DA:171,0
DA:172,0
DA:173,0
DA:174,0
DA:175,0
DA:178,0
DA:179,0
DA:180,0
DA:181,0
DA:184,0
DA:185,0
DA:186,0
DA:190,0
DA:191,0
DA:192,0
DA:193,0
DA:195,0
DA:196,0
DA:197,0
DA:198,0
DA:199,0
DA:201,0
DA:202,0
DA:203,0
DA:208,1
DA:209,1
DA:210,1
DA:215,0
DA:216,0
DA:217,0
DA:218,0
DA:219,0
DA:220,0
DA:225,0
DA:226,0
DA:227,0
DA:228,0
DA:230,0
DA:231,0
DA:236,0
DA:237,0
DA:238,0
DA:239,0
DA:241,0
DA:242,0
DA:247,1
LF:140
LH:8
BRDA:34,1,0,0
BRDA:34,1,1,0
BRDA:37,2,0,0
BRDA:37,2,1,0
BRDA:37,3,0,0
BRDA:37,3,1,0
BRDA:50,4,0,0
BRDA:50,4,1,0
BRDA:50,5,0,0
BRDA:50,5,1,0
BRDA:58,6,0,0
BRDA:58,6,1,0
BRDA:65,7,0,0
BRDA:65,7,1,0
BRDA:65,8,0,0
BRDA:65,8,1,0
BRDA:77,9,0,0
BRDA:77,9,1,0
BRDA:82,10,0,0
BRDA:82,10,1,0
BRDA:93,11,0,0
BRDA:93,11,1,0
BRDA:129,12,0,0
BRDA:129,12,1,0
BRDA:138,13,0,0
BRDA:138,13,1,0
BRDA:155,14,0,0
BRDA:155,14,1,0
BRDA:159,15,0,0
BRDA:159,15,1,0
BRDA:159,16,0,0
BRDA:159,16,1,0
BRDA:174,17,0,0
BRDA:174,17,1,0
BRDA:180,18,0,0
BRDA:180,18,1,0
BRDA:195,19,0,0
BRDA:195,19,1,0
BRDA:238,20,0,0
BRDA:238,20,1,0
BRF:40
BRH:0
end_of_record
TN:
SF:D:\MA-bella\portfolio-components\components\account-setting-widget\src\js\create_dom_handler.js
FN:1,(anonymous_1)
FN:12,(anonymous_2)
FN:19,(anonymous_3)
FN:39,(anonymous_4)
FN:52,(anonymous_5)
FN:73,(anonymous_6)
FN:81,(anonymous_7)
FN:88,(anonymous_8)
FN:98,(anonymous_9)
FN:108,(anonymous_10)
FN:114,(anonymous_11)
FN:124,(anonymous_12)
FN:135,(anonymous_13)
FN:142,(anonymous_14)
FN:154,(anonymous_15)
FN:171,(anonymous_16)
FN:186,(anonymous_17)
FN:204,(anonymous_18)
FN:208,(anonymous_19)
FN:239,(anonymous_20)
FNF:20
FNH:20
FNDA:1,(anonymous_1)
FNDA:3,(anonymous_2)
FNDA:51,(anonymous_3)
FNDA:4,(anonymous_4)
FNDA:8,(anonymous_5)
FNDA:1,(anonymous_6)
FNDA:1,(anonymous_7)
FNDA:3,(anonymous_8)
FNDA:2,(anonymous_9)
FNDA:5,(anonymous_10)
FNDA:10,(anonymous_11)
FNDA:5,(anonymous_12)
FNDA:2,(anonymous_13)
FNDA:10,(anonymous_14)
FNDA:12,(anonymous_15)
FNDA:3,(anonymous_16)
FNDA:3,(anonymous_17)
FNDA:1,(anonymous_18)
FNDA:2,(anonymous_19)
FNDA:1,(anonymous_20)
DA:1,1
DA:4,1
DA:5,1
DA:6,1
DA:7,1
DA:8,1
DA:9,1
DA:11,1
DA:14,3
DA:16,3
DA:17,3
DA:18,3
DA:19,2
DA:20,51
DA:21,51
DA:22,51
DA:23,2
DA:24,2
DA:26,51
DA:30,3
DA:36,3
DA:40,4
DA:41,0
DA:43,4
DA:44,4
DA:45,4
DA:46,0
DA:48,4
DA:50,4
DA:52,4
DA:53,8
DA:54,8
DA:55,1
DA:57,8
DA:58,3
DA:60,8
DA:67,4
DA:74,1
DA:75,0
DA:77,1
DA:78,1
DA:79,0
DA:81,1
DA:82,1
DA:83,1
DA:84,0
DA:86,1
DA:87,1
DA:88,1
DA:89,3
DA:90,3
DA:91,1
DA:93,3
DA:95,1
DA:97,1
DA:98,1
DA:99,2
DA:100,1
DA:104,1
DA:110,5
DA:111,5
DA:112,5
DA:114,5
DA:115,10
DA:116,2
DA:118,8
DA:119,0
DA:121,8
DA:124,5
DA:125,5
DA:126,16
DA:127,16
DA:128,10
DA:130,6
DA:135,5
DA:136,2
DA:137,1
DA:139,1
DA:142,5
DA:143,10
DA:144,10
DA:145,10
DA:146,2
DA:147,1
DA:148,1
DA:151,8
DA:152,1
DA:154,7
DA:155,12
DA:156,6
DA:158,12
DA:159,2
DA:160,2
DA:165,10
DA:168,5
DA:172,3
DA:173,3
DA:174,3
DA:175,1
DA:177,3
DA:183,3
DA:187,3
DA:188,3
DA:189,3
DA:190,1
DA:191,1
DA:192,2
DA:193,1
DA:194,1
DA:196,1
DA:197,1
DA:199,3
DA:200,3
DA:205,1
DA:206,1
DA:207,1
DA:208,1
DA:209,2
DA:210,1
DA:212,1
DA:214,1
DA:215,2
DA:216,2
DA:217,1
DA:219,1
DA:222,1
DA:223,1
DA:224,1
DA:225,0
DA:227,1
DA:236,1
DA:240,1
DA:242,1
DA:249,1
LF:134
LH:127
BRDA:18,1,0,2
BRDA:18,1,1,1
BRDA:22,2,0,2
BRDA:22,2,1,49
BRDA:40,3,0,0
BRDA:40,3,1,4
BRDA:40,4,0,4
BRDA:40,4,1,4
BRDA:45,5,0,0
BRDA:45,5,1,4
BRDA:54,6,0,1
BRDA:54,6,1,7
BRDA:57,7,0,3
BRDA:57,7,1,5
BRDA:74,8,0,0
BRDA:74,8,1,1
BRDA:74,9,0,1
BRDA:74,9,1,1
BRDA:78,10,0,0
BRDA:78,10,1,1
BRDA:83,11,0,0
BRDA:83,11,1,1
BRDA:86,12,0,1
BRDA:86,12,1,0
BRDA:90,13,0,1
BRDA:90,13,1,2
BRDA:99,14,0,1
BRDA:99,14,1,1
BRDA:115,15,0,2
BRDA:115,15,1,8
BRDA:115,16,0,10
BRDA:115,16,1,9
BRDA:118,17,0,0
BRDA:118,17,1,8
BRDA:127,18,0,10
BRDA:127,18,1,6
BRDA:136,19,0,1
BRDA:136,19,1,1
BRDA:145,20,0,2
BRDA:145,20,1,8
BRDA:146,21,0,1
BRDA:146,21,1,1
BRDA:151,22,0,1
BRDA:151,22,1,7
BRDA:155,23,0,6
BRDA:155,23,1,6
BRDA:158,24,0,2
BRDA:158,24,1,10
BRDA:158,25,0,12
BRDA:158,25,1,4
BRDA:174,26,0,1
BRDA:174,26,1,2
BRDA:189,27,0,1
BRDA:189,27,1,2
BRDA:192,28,0,1
BRDA:192,28,1,1
BRDA:209,29,0,1
BRDA:209,29,1,1
BRDA:216,30,0,1
BRDA:216,30,1,1
BRDA:224,31,0,0
BRDA:224,31,1,1
BRDA:243,32,0,1
BRDA:243,32,1,1
BRF:64
BRH:56
end_of_record
TN:
SF:D:\MA-bella\portfolio-components\components\common\src\widget\action-handler\ajax-mock.js
FN:1,(anonymous_1)
FN:4,(anonymous_2)
FN:10,(anonymous_3)
FN:15,(anonymous_4)
FN:17,(anonymous_5)
FN:32,(anonymous_6)
FN:39,(anonymous_7)
FN:47,(anonymous_8)
FN:68,(anonymous_9)
FN:80,(anonymous_10)
FN:85,(anonymous_11)
FNF:11
FNH:10
FNDA:1,(anonymous_1)
FNDA:1,(anonymous_2)
FNDA:1,(anonymous_3)
FNDA:2,(anonymous_4)
FNDA:2,(anonymous_5)
FNDA:2,(anonymous_6)
FNDA:0,(anonymous_7)
FNDA:3,(anonymous_8)
FNDA:2,(anonymous_9)
FNDA:1,(anonymous_10)
FNDA:1,(anonymous_11)
DA:1,1
DA:4,1
DA:5,1
DA:8,1
DA:12,1
DA:15,1
DA:16,2
DA:18,2
DA:20,2
DA:21,0
DA:22,0
DA:25,2
DA:26,2
DA:27,0
DA:30,2
DA:32,2
DA:33,2
DA:48,3
DA:49,2
DA:52,1
DA:53,0
DA:56,1
DA:58,1
DA:59,1
DA:61,1
DA:62,0
DA:65,1
DA:70,2
DA:71,3
DA:72,3
DA:73,2
DA:77,0
DA:81,1
DA:82,1
DA:86,1
DA:92,1
DA:93,0
DA:96,1
DA:97,1
DA:98,1
LF:40
LH:33
BRDA:20,1,0,0
BRDA:20,1,1,2
BRDA:26,2,0,0
BRDA:26,2,1,2
BRDA:30,3,0,2
BRDA:30,3,1,2
BRDA:48,4,0,2
BRDA:48,4,1,1
BRDA:52,5,0,0
BRDA:52,5,1,1
BRDA:61,6,0,0
BRDA:61,6,1,1
BRDA:61,7,0,1
BRDA:61,7,1,0
BRDA:72,8,0,2
BRDA:72,8,1,1
BRDA:72,9,0,3
BRDA:72,9,1,3
BRDA:92,10,0,0
BRDA:92,10,1,1
BRF:20
BRH:14
end_of_record
